e:\y3\g52cpp\cppcoursework2018\debug\courseworkbase2018.bsc
e:\y3\g52cpp\cppcoursework2018\debug\vc141.pdb
e:\y3\g52cpp\cppcoursework2018\debug\cw4enemy.sbr
e:\y3\g52cpp\cppcoursework2018\debug\cw4engine.sbr
e:\y3\g52cpp\cppcoursework2018\debug\cw4jetfighter.sbr
e:\y3\g52cpp\cppcoursework2018\debug\cw4scoreboard.sbr
e:\y3\g52cpp\cppcoursework2018\debug\cw4soldier.sbr
e:\y3\g52cpp\cppcoursework2018\debug\cw4spawn.sbr
e:\y3\g52cpp\cppcoursework2018\debug\cw4tank.sbr
e:\y3\g52cpp\cppcoursework2018\debug\cw4tilemanager.sbr
e:\y3\g52cpp\cppcoursework2018\debug\demoamain.sbr
e:\y3\g52cpp\cppcoursework2018\debug\demobobject.sbr
e:\y3\g52cpp\cppcoursework2018\debug\mainfunction.sbr
e:\y3\g52cpp\cppcoursework2018\debug\baseengine.sbr
e:\y3\g52cpp\cppcoursework2018\debug\displayableobject.sbr
e:\y3\g52cpp\cppcoursework2018\debug\fontmanager.sbr
e:\y3\g52cpp\cppcoursework2018\debug\jpgimage.sbr
e:\y3\g52cpp\cppcoursework2018\debug\psyjw19engine.sbr
e:\y3\g52cpp\cppcoursework2018\debug\psyjw19object.sbr
e:\y3\g52cpp\cppcoursework2018\debug\psyjw19object2.sbr
e:\y3\g52cpp\cppcoursework2018\debug\psyjw19text.sbr
e:\y3\g52cpp\cppcoursework2018\debug\psyjw19tilemanager.sbr
e:\y3\g52cpp\cppcoursework2018\debug\psyjw19tilemanager.obj
e:\y3\g52cpp\cppcoursework2018\debug\psyjw19text.obj
e:\y3\g52cpp\cppcoursework2018\debug\psyjw19object2.obj
e:\y3\g52cpp\cppcoursework2018\debug\psyjw19object.obj
e:\y3\g52cpp\cppcoursework2018\debug\psyjw19engine.obj
e:\y3\g52cpp\cppcoursework2018\debug\jpgimage.obj
e:\y3\g52cpp\cppcoursework2018\debug\fontmanager.obj
e:\y3\g52cpp\cppcoursework2018\debug\displayableobject.obj
e:\y3\g52cpp\cppcoursework2018\debug\baseengine.obj
e:\y3\g52cpp\cppcoursework2018\debug\demobobject.obj
e:\y3\g52cpp\cppcoursework2018\debug\demoamain.obj
e:\y3\g52cpp\cppcoursework2018\debug\cw4tilemanager.obj
e:\y3\g52cpp\cppcoursework2018\debug\cw4tank.obj
e:\y3\g52cpp\cppcoursework2018\debug\cw4spawn.obj
e:\y3\g52cpp\cppcoursework2018\debug\cw4soldier.obj
e:\y3\g52cpp\cppcoursework2018\debug\cw4jetfighter.obj
e:\y3\g52cpp\cppcoursework2018\debug\cw4enemy.obj
e:\y3\g52cpp\cppcoursework2018\debug\simpledemo.sbr
e:\y3\g52cpp\cppcoursework2018\debug\tilemanager.sbr
e:\y3\g52cpp\cppcoursework2018\debug\bouncingball.sbr
e:\y3\g52cpp\cppcoursework2018\debug\bouncingballmain.sbr
e:\y3\g52cpp\cppcoursework2018\debug\demo1main.sbr
e:\y3\g52cpp\cppcoursework2018\debug\demo2main.sbr
e:\y3\g52cpp\cppcoursework2018\debug\demo2object.sbr
e:\y3\g52cpp\cppcoursework2018\debug\demo2tilemanager.sbr
e:\y3\g52cpp\cppcoursework2018\debug\demo3main.sbr
e:\y3\g52cpp\cppcoursework2018\debug\demo3object.sbr
e:\y3\g52cpp\cppcoursework2018\debug\demo3objectfinished.sbr
e:\y3\g52cpp\cppcoursework2018\debug\demo3tilemanager.sbr
e:\y3\g52cpp\cppcoursework2018\debug\demo4main.sbr
e:\y3\g52cpp\cppcoursework2018\debug\demo4object.sbr
e:\y3\g52cpp\cppcoursework2018\debug\demo4tilemanager.sbr
e:\y3\g52cpp\cppcoursework2018\debug\demo4tilemanager.obj
e:\y3\g52cpp\cppcoursework2018\debug\demo4object.obj
e:\y3\g52cpp\cppcoursework2018\debug\demo4main.obj
e:\y3\g52cpp\cppcoursework2018\debug\demo3tilemanager.obj
e:\y3\g52cpp\cppcoursework2018\debug\demo3objectfinished.obj
e:\y3\g52cpp\cppcoursework2018\debug\demo3object.obj
e:\y3\g52cpp\cppcoursework2018\debug\demo3main.obj
e:\y3\g52cpp\cppcoursework2018\debug\demo2tilemanager.obj
e:\y3\g52cpp\cppcoursework2018\debug\demo2object.obj
e:\y3\g52cpp\cppcoursework2018\debug\demo2main.obj
e:\y3\g52cpp\cppcoursework2018\debug\demo1main.obj
e:\y3\g52cpp\cppcoursework2018\debug\bouncingballmain.obj
e:\y3\g52cpp\cppcoursework2018\debug\bouncingball.obj
e:\y3\g52cpp\cppcoursework2018\debug\tilemanager.obj
e:\y3\g52cpp\cppcoursework2018\debug\simpledemo.obj
e:\y3\g52cpp\cppcoursework2018\debug\
e:\y3\g52cpp\cppcoursework2018\debug\cw4engine.obj
e:\y3\g52cpp\cppcoursework2018\debug\cw4player.sbr
e:\y3\g52cpp\cppcoursework2018\debug\cw4scoreboard.obj
e:\y3\g52cpp\cppcoursework2018\debug\mainfunction.obj
e:\y3\g52cpp\cppcoursework2018\debug\cw4player.obj
e:\y3\g52cpp\cppcoursework2018\debug\cw4bullet.sbr
e:\y3\g52cpp\cppcoursework2018\debug\cw4bullet.obj
e:\y3\g52cpp\cppcoursework2018\debug\cw4background.sbr
e:\y3\g52cpp\cppcoursework2018\debug\cw4background.obj
e:\y3\g52cpp\cppcoursework2018\debug\courseworkbase2018.exe
e:\y3\g52cpp\cppcoursework2018\debug\courseworkbase2018.ilk
e:\y3\g52cpp\cppcoursework2018\src\map
e:\y3\g52cpp\cppcoursework2018\debug\courseworkbase2018.pdb
e:\y3\g52cpp\cppcoursework2018\/debug\courseworkbase2018.pdb
e:\y3\g52cpp\cppcoursework2018\/debug\courseworkbase2018.exe
e:\y3\g52cpp\cppcoursework2018\/debug\courseworkbase2018.bsc
e:\y3\g52cpp\cppcoursework2018\/debug\courseworkbase2018.ilk
e:\y3\g52cpp\cppcoursework2018\debug\coursewo.63f64093.tlog\bscmake.command.1.tlog
e:\y3\g52cpp\cppcoursework2018\debug\coursewo.63f64093.tlog\bscmake.read.1.tlog
e:\y3\g52cpp\cppcoursework2018\debug\coursewo.63f64093.tlog\bscmake.write.1.tlog
e:\y3\g52cpp\cppcoursework2018\debug\coursewo.63f64093.tlog\cl.command.1.tlog
e:\y3\g52cpp\cppcoursework2018\debug\coursewo.63f64093.tlog\cl.read.1.tlog
e:\y3\g52cpp\cppcoursework2018\debug\coursewo.63f64093.tlog\cl.write.1.tlog
e:\y3\g52cpp\cppcoursework2018\debug\coursewo.63f64093.tlog\link.command.1.tlog
e:\y3\g52cpp\cppcoursework2018\debug\coursewo.63f64093.tlog\link.read.1.tlog
e:\y3\g52cpp\cppcoursework2018\debug\coursewo.63f64093.tlog\link.write.1.tlog
