e:\y4\g53gra\g53gra-group-9\cw2t3\g53gra.framework\g53gra.framework\debug\vc141.pdb
e:\y4\g53gra\g53gra-group-9\cw2t3\g53gra.framework\g53gra.framework\debug\vc141.idb
e:\y4\g53gra\g53gra-group-9\cw2t3\g53gra.framework\g53gra.framework\debug\wall.obj
e:\y4\g53gra\g53gra-group-9\cw2t3\g53gra.framework\g53gra.framework\debug\main.obj
e:\y4\g53gra\g53gra-group-9\cw2t3\g53gra.framework\g53gra.framework\debug\multilight.obj
e:\y4\g53gra\g53gra-group-9\cw2t3\g53gra.framework\g53gra.framework\debug\myscene.obj
e:\y4\g53gra\g53gra-group-9\cw2t3\g53gra.framework\g53gra.framework\debug\engine.obj
e:\y4\g53gra\g53gra-group-9\cw2t3\g53gra.framework\g53gra.framework\debug\scene.obj
e:\y4\g53gra\g53gra-group-9\cw2t3\g53gra.framework\g53gra.framework\debug\camera.obj
e:\y4\g53gra\g53gra-group-9\cw2t3\g53gra.framework\g53gra.framework\debug\texture.obj
e:\y4\g53gra\g53gra-group-9\cw2t3\g53gra.framework\g53gra.framework\debug\robot.obj
e:\y4\g53gra\g53gra-group-9\cw2t3\g53gra.framework\debug\g53gra.framework.exe
e:\y4\g53gra\g53gra-group-9\cw2t3\g53gra.framework\debug\g53gra.framework.ilk
e:\y4\g53gra\g53gra-group-9\cw2t3\g53gra.framework\debug\g53gra.framework.pdb
e:\y4\g53gra\g53gra-group-9\cw2t3\g53gra.framework\g53gra.framework\debug\floor.obj
e:\y4\g53gra\g53gra-group-9\cw2t3\g53gra.framework\g53gra.framework\debug\g53gra.framework.tlog\cl.command.1.tlog
e:\y4\g53gra\g53gra-group-9\cw2t3\g53gra.framework\g53gra.framework\debug\g53gra.framework.tlog\cl.read.1.tlog
e:\y4\g53gra\g53gra-group-9\cw2t3\g53gra.framework\g53gra.framework\debug\g53gra.framework.tlog\cl.write.1.tlog
e:\y4\g53gra\g53gra-group-9\cw2t3\g53gra.framework\g53gra.framework\debug\g53gra.framework.tlog\link.command.1.tlog
e:\y4\g53gra\g53gra-group-9\cw2t3\g53gra.framework\g53gra.framework\debug\g53gra.framework.tlog\link.read.1.tlog
e:\y4\g53gra\g53gra-group-9\cw2t3\g53gra.framework\g53gra.framework\debug\g53gra.framework.tlog\link.write.1.tlog
